<?xml version="1.0" encoding="UTF-8"?>
<testsuite xmlns:xsi="http://www.w3.org/2001/XMLSchema-instance" xsi:noNamespaceSchemaLocation="https://maven.apache.org/surefire/maven-surefire-plugin/xsd/surefire-test-report.xsd" name="com.chandan.spring.SpringBootRestApplicationTests" time="5.079" tests="1" errors="0" skipped="0" failures="0">
  <properties>
    <property name="sun.desktop" value="windows"/>
    <property name="awt.toolkit" value="sun.awt.windows.WToolkit"/>
    <property name="file.encoding.pkg" value="sun.io"/>
    <property name="java.specification.version" value="1.8"/>
    <property name="sun.cpu.isalist" value="amd64"/>
    <property name="sun.jnu.encoding" value="Cp1252"/>
    <property name="java.class.path" value="C:\workspace\31601\workspace\bio\BioLemmatizer-REST\target\test-classes;C:\workspace\31601\workspace\bio\BioLemmatizer-REST\target\classes;C:\Users\chandank\.m2\repository\org\springframework\boot\spring-boot-starter-web\2.0.2.RELEASE\spring-boot-starter-web-2.0.2.RELEASE.jar;C:\Users\chandank\.m2\repository\org\springframework\boot\spring-boot-starter\2.0.2.RELEASE\spring-boot-starter-2.0.2.RELEASE.jar;C:\Users\chandank\.m2\repository\org\springframework\boot\spring-boot\2.0.2.RELEASE\spring-boot-2.0.2.RELEASE.jar;C:\Users\chandank\.m2\repository\org\springframework\boot\spring-boot-autoconfigure\2.0.2.RELEASE\spring-boot-autoconfigure-2.0.2.RELEASE.jar;C:\Users\chandank\.m2\repository\org\springframework\boot\spring-boot-starter-logging\2.0.2.RELEASE\spring-boot-starter-logging-2.0.2.RELEASE.jar;C:\Users\chandank\.m2\repository\ch\qos\logback\logback-classic\1.2.3\logback-classic-1.2.3.jar;C:\Users\chandank\.m2\repository\ch\qos\logback\logback-core\1.2.3\logback-core-1.2.3.jar;C:\Users\chandank\.m2\repository\org\apache\logging\log4j\log4j-to-slf4j\2.10.0\log4j-to-slf4j-2.10.0.jar;C:\Users\chandank\.m2\repository\org\apache\logging\log4j\log4j-api\2.10.0\log4j-api-2.10.0.jar;C:\Users\chandank\.m2\repository\org\slf4j\jul-to-slf4j\1.7.25\jul-to-slf4j-1.7.25.jar;C:\Users\chandank\.m2\repository\javax\annotation\javax.annotation-api\1.3.2\javax.annotation-api-1.3.2.jar;C:\Users\chandank\.m2\repository\org\yaml\snakeyaml\1.19\snakeyaml-1.19.jar;C:\Users\chandank\.m2\repository\org\springframework\boot\spring-boot-starter-json\2.0.2.RELEASE\spring-boot-starter-json-2.0.2.RELEASE.jar;C:\Users\chandank\.m2\repository\com\fasterxml\jackson\core\jackson-databind\2.9.5\jackson-databind-2.9.5.jar;C:\Users\chandank\.m2\repository\com\fasterxml\jackson\core\jackson-annotations\2.9.0\jackson-annotations-2.9.0.jar;C:\Users\chandank\.m2\repository\com\fasterxml\jackson\core\jackson-core\2.9.5\jackson-core-2.9.5.jar;C:\Users\chandank\.m2\repository\com\fasterxml\jackson\datatype\jackson-datatype-jdk8\2.9.5\jackson-datatype-jdk8-2.9.5.jar;C:\Users\chandank\.m2\repository\com\fasterxml\jackson\datatype\jackson-datatype-jsr310\2.9.5\jackson-datatype-jsr310-2.9.5.jar;C:\Users\chandank\.m2\repository\com\fasterxml\jackson\module\jackson-module-parameter-names\2.9.5\jackson-module-parameter-names-2.9.5.jar;C:\Users\chandank\.m2\repository\org\springframework\boot\spring-boot-starter-tomcat\2.0.2.RELEASE\spring-boot-starter-tomcat-2.0.2.RELEASE.jar;C:\Users\chandank\.m2\repository\org\apache\tomcat\embed\tomcat-embed-core\8.5.31\tomcat-embed-core-8.5.31.jar;C:\Users\chandank\.m2\repository\org\apache\tomcat\embed\tomcat-embed-el\8.5.31\tomcat-embed-el-8.5.31.jar;C:\Users\chandank\.m2\repository\org\apache\tomcat\embed\tomcat-embed-websocket\8.5.31\tomcat-embed-websocket-8.5.31.jar;C:\Users\chandank\.m2\repository\org\hibernate\validator\hibernate-validator\6.0.9.Final\hibernate-validator-6.0.9.Final.jar;C:\Users\chandank\.m2\repository\javax\validation\validation-api\2.0.1.Final\validation-api-2.0.1.Final.jar;C:\Users\chandank\.m2\repository\org\jboss\logging\jboss-logging\3.3.2.Final\jboss-logging-3.3.2.Final.jar;C:\Users\chandank\.m2\repository\com\fasterxml\classmate\1.3.4\classmate-1.3.4.jar;C:\Users\chandank\.m2\repository\org\springframework\spring-web\5.0.6.RELEASE\spring-web-5.0.6.RELEASE.jar;C:\Users\chandank\.m2\repository\org\springframework\spring-beans\5.0.6.RELEASE\spring-beans-5.0.6.RELEASE.jar;C:\Users\chandank\.m2\repository\org\springframework\spring-webmvc\5.0.6.RELEASE\spring-webmvc-5.0.6.RELEASE.jar;C:\Users\chandank\.m2\repository\org\springframework\spring-aop\5.0.6.RELEASE\spring-aop-5.0.6.RELEASE.jar;C:\Users\chandank\.m2\repository\org\springframework\spring-context\5.0.6.RELEASE\spring-context-5.0.6.RELEASE.jar;C:\Users\chandank\.m2\repository\org\springframework\spring-expression\5.0.6.RELEASE\spring-expression-5.0.6.RELEASE.jar;C:\Users\chandank\.m2\repository\org\springframework\boot\spring-boot-starter-test\2.0.2.RELEASE\spring-boot-starter-test-2.0.2.RELEASE.jar;C:\Users\chandank\.m2\repository\org\springframework\boot\spring-boot-test\2.0.2.RELEASE\spring-boot-test-2.0.2.RELEASE.jar;C:\Users\chandank\.m2\repository\org\springframework\boot\spring-boot-test-autoconfigure\2.0.2.RELEASE\spring-boot-test-autoconfigure-2.0.2.RELEASE.jar;C:\Users\chandank\.m2\repository\com\jayway\jsonpath\json-path\2.4.0\json-path-2.4.0.jar;C:\Users\chandank\.m2\repository\net\minidev\json-smart\2.3\json-smart-2.3.jar;C:\Users\chandank\.m2\repository\net\minidev\accessors-smart\1.2\accessors-smart-1.2.jar;C:\Users\chandank\.m2\repository\org\ow2\asm\asm\5.0.4\asm-5.0.4.jar;C:\Users\chandank\.m2\repository\org\slf4j\slf4j-api\1.7.25\slf4j-api-1.7.25.jar;C:\Users\chandank\.m2\repository\junit\junit\4.12\junit-4.12.jar;C:\Users\chandank\.m2\repository\org\assertj\assertj-core\3.9.1\assertj-core-3.9.1.jar;C:\Users\chandank\.m2\repository\org\mockito\mockito-core\2.15.0\mockito-core-2.15.0.jar;C:\Users\chandank\.m2\repository\net\bytebuddy\byte-buddy\1.7.11\byte-buddy-1.7.11.jar;C:\Users\chandank\.m2\repository\net\bytebuddy\byte-buddy-agent\1.7.11\byte-buddy-agent-1.7.11.jar;C:\Users\chandank\.m2\repository\org\objenesis\objenesis\2.6\objenesis-2.6.jar;C:\Users\chandank\.m2\repository\org\hamcrest\hamcrest-core\1.3\hamcrest-core-1.3.jar;C:\Users\chandank\.m2\repository\org\hamcrest\hamcrest-library\1.3\hamcrest-library-1.3.jar;C:\Users\chandank\.m2\repository\org\skyscreamer\jsonassert\1.5.0\jsonassert-1.5.0.jar;C:\Users\chandank\.m2\repository\com\vaadin\external\google\android-json\0.0.20131108.vaadin1\android-json-0.0.20131108.vaadin1.jar;C:\Users\chandank\.m2\repository\org\springframework\spring-core\5.0.6.RELEASE\spring-core-5.0.6.RELEASE.jar;C:\Users\chandank\.m2\repository\org\springframework\spring-jcl\5.0.6.RELEASE\spring-jcl-5.0.6.RELEASE.jar;C:\Users\chandank\.m2\repository\org\springframework\spring-test\5.0.6.RELEASE\spring-test-5.0.6.RELEASE.jar;C:\Users\chandank\.m2\repository\org\xmlunit\xmlunit-core\2.5.1\xmlunit-core-2.5.1.jar;C:\Users\chandank\.m2\repository\edu\ucdenver\ccp\biolemmatizer-core\1.2\biolemmatizer-core-1.2.jar;C:\Users\chandank\.m2\repository\edu\northwestern\at\morphadorner\2009-04-30\morphadorner-2009-04-30.jar;C:\Users\chandank\.m2\repository\args4j\args4j\2.0.12\args4j-2.0.12.jar;C:\Users\chandank\.m2\repository\edu\ucdenver\ccp\biolemmatizer-uima\1.2\biolemmatizer-uima-1.2.jar;C:\Users\chandank\.m2\repository\commons-io\commons-io\2.0\commons-io-2.0.jar;C:\Users\chandank\.m2\repository\org\apache\uima\uimaj-core\2.4.0\uimaj-core-2.4.0.jar;C:\Users\chandank\.m2\repository\org\uimafit\uimafit\1.4.0\uimafit-1.4.0.jar;C:\Users\chandank\.m2\repository\commons-lang\commons-lang\2.4\commons-lang-2.4.jar;C:\Users\chandank\.m2\repository\org\apache\uima\uimaj-tools\2.4.0\uimaj-tools-2.4.0.jar;C:\Users\chandank\.m2\repository\org\apache\uima\uimaj-document-annotation\2.4.0\uimaj-document-annotation-2.4.0.jar;C:\Users\chandank\.m2\repository\org\apache\uima\uimafit-core\2.0.0\uimafit-core-2.0.0.jar;C:\Users\chandank\.m2\repository\commons-logging\commons-logging-api\1.1\commons-logging-api-1.1.jar;C:\Users\chandank\.m2\repository\org\apache\uima\uimafit-cpe\2.0.0\uimafit-cpe-2.0.0.jar;C:\Users\chandank\.m2\repository\org\apache\uima\uimaj-cpe\2.4.2\uimaj-cpe-2.4.2.jar;C:\Users\chandank\.m2\repository\org\apache\uima\uimaj-adapter-vinci\2.4.2\uimaj-adapter-vinci-2.4.2.jar;C:\Users\chandank\.m2\repository\org\apache\uima\jVinci\2.4.2\jVinci-2.4.2.jar;C:\Users\chandank\.m2\repository\org\apache\uima\uimafit-legacy-support\2.0.0\uimafit-legacy-support-2.0.0.jar;C:\Users\chandank\.m2\repository\edu\ucdenver\ccp\ccp-uima-shims\0.1\ccp-uima-shims-0.1.jar;"/>
    <property name="java.vm.vendor" value="Oracle Corporation"/>
    <property name="sun.arch.data.model" value="64"/>
    <property name="user.variant" value=""/>
    <property name="java.vendor.url" value="http://java.oracle.com/"/>
    <property name="user.timezone" value=""/>
    <property name="java.vm.specification.version" value="1.8"/>
    <property name="os.name" value="Windows 7"/>
    <property name="user.country" value="IN"/>
    <property name="sun.java.launcher" value="SUN_STANDARD"/>
    <property name="sun.boot.library.path" value="C:\Progra~1\Java\jdk1.8.0_101\jre\bin"/>
    <property name="sun.java.command" value="C:\Users\chandank\AppData\Local\Temp\surefire4873546882495193423\surefirebooter121149652116173207.jar C:\Users\chandank\AppData\Local\Temp\surefire4873546882495193423 2019-05-14T09-43-18_267-jvmRun1 surefire8907525625386162736tmp surefire_05848885189228659269tmp"/>
    <property name="surefire.test.class.path" value="C:\workspace\31601\workspace\bio\BioLemmatizer-REST\target\test-classes;C:\workspace\31601\workspace\bio\BioLemmatizer-REST\target\classes;C:\Users\chandank\.m2\repository\org\springframework\boot\spring-boot-starter-web\2.0.2.RELEASE\spring-boot-starter-web-2.0.2.RELEASE.jar;C:\Users\chandank\.m2\repository\org\springframework\boot\spring-boot-starter\2.0.2.RELEASE\spring-boot-starter-2.0.2.RELEASE.jar;C:\Users\chandank\.m2\repository\org\springframework\boot\spring-boot\2.0.2.RELEASE\spring-boot-2.0.2.RELEASE.jar;C:\Users\chandank\.m2\repository\org\springframework\boot\spring-boot-autoconfigure\2.0.2.RELEASE\spring-boot-autoconfigure-2.0.2.RELEASE.jar;C:\Users\chandank\.m2\repository\org\springframework\boot\spring-boot-starter-logging\2.0.2.RELEASE\spring-boot-starter-logging-2.0.2.RELEASE.jar;C:\Users\chandank\.m2\repository\ch\qos\logback\logback-classic\1.2.3\logback-classic-1.2.3.jar;C:\Users\chandank\.m2\repository\ch\qos\logback\logback-core\1.2.3\logback-core-1.2.3.jar;C:\Users\chandank\.m2\repository\org\apache\logging\log4j\log4j-to-slf4j\2.10.0\log4j-to-slf4j-2.10.0.jar;C:\Users\chandank\.m2\repository\org\apache\logging\log4j\log4j-api\2.10.0\log4j-api-2.10.0.jar;C:\Users\chandank\.m2\repository\org\slf4j\jul-to-slf4j\1.7.25\jul-to-slf4j-1.7.25.jar;C:\Users\chandank\.m2\repository\javax\annotation\javax.annotation-api\1.3.2\javax.annotation-api-1.3.2.jar;C:\Users\chandank\.m2\repository\org\yaml\snakeyaml\1.19\snakeyaml-1.19.jar;C:\Users\chandank\.m2\repository\org\springframework\boot\spring-boot-starter-json\2.0.2.RELEASE\spring-boot-starter-json-2.0.2.RELEASE.jar;C:\Users\chandank\.m2\repository\com\fasterxml\jackson\core\jackson-databind\2.9.5\jackson-databind-2.9.5.jar;C:\Users\chandank\.m2\repository\com\fasterxml\jackson\core\jackson-annotations\2.9.0\jackson-annotations-2.9.0.jar;C:\Users\chandank\.m2\repository\com\fasterxml\jackson\core\jackson-core\2.9.5\jackson-core-2.9.5.jar;C:\Users\chandank\.m2\repository\com\fasterxml\jackson\datatype\jackson-datatype-jdk8\2.9.5\jackson-datatype-jdk8-2.9.5.jar;C:\Users\chandank\.m2\repository\com\fasterxml\jackson\datatype\jackson-datatype-jsr310\2.9.5\jackson-datatype-jsr310-2.9.5.jar;C:\Users\chandank\.m2\repository\com\fasterxml\jackson\module\jackson-module-parameter-names\2.9.5\jackson-module-parameter-names-2.9.5.jar;C:\Users\chandank\.m2\repository\org\springframework\boot\spring-boot-starter-tomcat\2.0.2.RELEASE\spring-boot-starter-tomcat-2.0.2.RELEASE.jar;C:\Users\chandank\.m2\repository\org\apache\tomcat\embed\tomcat-embed-core\8.5.31\tomcat-embed-core-8.5.31.jar;C:\Users\chandank\.m2\repository\org\apache\tomcat\embed\tomcat-embed-el\8.5.31\tomcat-embed-el-8.5.31.jar;C:\Users\chandank\.m2\repository\org\apache\tomcat\embed\tomcat-embed-websocket\8.5.31\tomcat-embed-websocket-8.5.31.jar;C:\Users\chandank\.m2\repository\org\hibernate\validator\hibernate-validator\6.0.9.Final\hibernate-validator-6.0.9.Final.jar;C:\Users\chandank\.m2\repository\javax\validation\validation-api\2.0.1.Final\validation-api-2.0.1.Final.jar;C:\Users\chandank\.m2\repository\org\jboss\logging\jboss-logging\3.3.2.Final\jboss-logging-3.3.2.Final.jar;C:\Users\chandank\.m2\repository\com\fasterxml\classmate\1.3.4\classmate-1.3.4.jar;C:\Users\chandank\.m2\repository\org\springframework\spring-web\5.0.6.RELEASE\spring-web-5.0.6.RELEASE.jar;C:\Users\chandank\.m2\repository\org\springframework\spring-beans\5.0.6.RELEASE\spring-beans-5.0.6.RELEASE.jar;C:\Users\chandank\.m2\repository\org\springframework\spring-webmvc\5.0.6.RELEASE\spring-webmvc-5.0.6.RELEASE.jar;C:\Users\chandank\.m2\repository\org\springframework\spring-aop\5.0.6.RELEASE\spring-aop-5.0.6.RELEASE.jar;C:\Users\chandank\.m2\repository\org\springframework\spring-context\5.0.6.RELEASE\spring-context-5.0.6.RELEASE.jar;C:\Users\chandank\.m2\repository\org\springframework\spring-expression\5.0.6.RELEASE\spring-expression-5.0.6.RELEASE.jar;C:\Users\chandank\.m2\repository\org\springframework\boot\spring-boot-starter-test\2.0.2.RELEASE\spring-boot-starter-test-2.0.2.RELEASE.jar;C:\Users\chandank\.m2\repository\org\springframework\boot\spring-boot-test\2.0.2.RELEASE\spring-boot-test-2.0.2.RELEASE.jar;C:\Users\chandank\.m2\repository\org\springframework\boot\spring-boot-test-autoconfigure\2.0.2.RELEASE\spring-boot-test-autoconfigure-2.0.2.RELEASE.jar;C:\Users\chandank\.m2\repository\com\jayway\jsonpath\json-path\2.4.0\json-path-2.4.0.jar;C:\Users\chandank\.m2\repository\net\minidev\json-smart\2.3\json-smart-2.3.jar;C:\Users\chandank\.m2\repository\net\minidev\accessors-smart\1.2\accessors-smart-1.2.jar;C:\Users\chandank\.m2\repository\org\ow2\asm\asm\5.0.4\asm-5.0.4.jar;C:\Users\chandank\.m2\repository\org\slf4j\slf4j-api\1.7.25\slf4j-api-1.7.25.jar;C:\Users\chandank\.m2\repository\junit\junit\4.12\junit-4.12.jar;C:\Users\chandank\.m2\repository\org\assertj\assertj-core\3.9.1\assertj-core-3.9.1.jar;C:\Users\chandank\.m2\repository\org\mockito\mockito-core\2.15.0\mockito-core-2.15.0.jar;C:\Users\chandank\.m2\repository\net\bytebuddy\byte-buddy\1.7.11\byte-buddy-1.7.11.jar;C:\Users\chandank\.m2\repository\net\bytebuddy\byte-buddy-agent\1.7.11\byte-buddy-agent-1.7.11.jar;C:\Users\chandank\.m2\repository\org\objenesis\objenesis\2.6\objenesis-2.6.jar;C:\Users\chandank\.m2\repository\org\hamcrest\hamcrest-core\1.3\hamcrest-core-1.3.jar;C:\Users\chandank\.m2\repository\org\hamcrest\hamcrest-library\1.3\hamcrest-library-1.3.jar;C:\Users\chandank\.m2\repository\org\skyscreamer\jsonassert\1.5.0\jsonassert-1.5.0.jar;C:\Users\chandank\.m2\repository\com\vaadin\external\google\android-json\0.0.20131108.vaadin1\android-json-0.0.20131108.vaadin1.jar;C:\Users\chandank\.m2\repository\org\springframework\spring-core\5.0.6.RELEASE\spring-core-5.0.6.RELEASE.jar;C:\Users\chandank\.m2\repository\org\springframework\spring-jcl\5.0.6.RELEASE\spring-jcl-5.0.6.RELEASE.jar;C:\Users\chandank\.m2\repository\org\springframework\spring-test\5.0.6.RELEASE\spring-test-5.0.6.RELEASE.jar;C:\Users\chandank\.m2\repository\org\xmlunit\xmlunit-core\2.5.1\xmlunit-core-2.5.1.jar;C:\Users\chandank\.m2\repository\edu\ucdenver\ccp\biolemmatizer-core\1.2\biolemmatizer-core-1.2.jar;C:\Users\chandank\.m2\repository\edu\northwestern\at\morphadorner\2009-04-30\morphadorner-2009-04-30.jar;C:\Users\chandank\.m2\repository\args4j\args4j\2.0.12\args4j-2.0.12.jar;C:\Users\chandank\.m2\repository\edu\ucdenver\ccp\biolemmatizer-uima\1.2\biolemmatizer-uima-1.2.jar;C:\Users\chandank\.m2\repository\commons-io\commons-io\2.0\commons-io-2.0.jar;C:\Users\chandank\.m2\repository\org\apache\uima\uimaj-core\2.4.0\uimaj-core-2.4.0.jar;C:\Users\chandank\.m2\repository\org\uimafit\uimafit\1.4.0\uimafit-1.4.0.jar;C:\Users\chandank\.m2\repository\commons-lang\commons-lang\2.4\commons-lang-2.4.jar;C:\Users\chandank\.m2\repository\org\apache\uima\uimaj-tools\2.4.0\uimaj-tools-2.4.0.jar;C:\Users\chandank\.m2\repository\org\apache\uima\uimaj-document-annotation\2.4.0\uimaj-document-annotation-2.4.0.jar;C:\Users\chandank\.m2\repository\org\apache\uima\uimafit-core\2.0.0\uimafit-core-2.0.0.jar;C:\Users\chandank\.m2\repository\commons-logging\commons-logging-api\1.1\commons-logging-api-1.1.jar;C:\Users\chandank\.m2\repository\org\apache\uima\uimafit-cpe\2.0.0\uimafit-cpe-2.0.0.jar;C:\Users\chandank\.m2\repository\org\apache\uima\uimaj-cpe\2.4.2\uimaj-cpe-2.4.2.jar;C:\Users\chandank\.m2\repository\org\apache\uima\uimaj-adapter-vinci\2.4.2\uimaj-adapter-vinci-2.4.2.jar;C:\Users\chandank\.m2\repository\org\apache\uima\jVinci\2.4.2\jVinci-2.4.2.jar;C:\Users\chandank\.m2\repository\org\apache\uima\uimafit-legacy-support\2.0.0\uimafit-legacy-support-2.0.0.jar;C:\Users\chandank\.m2\repository\edu\ucdenver\ccp\ccp-uima-shims\0.1\ccp-uima-shims-0.1.jar;"/>
    <property name="sun.cpu.endian" value="little"/>
    <property name="user.home" value="C:\Users\chandank"/>
    <property name="user.language" value="en"/>
    <property name="java.specification.vendor" value="Oracle Corporation"/>
    <property name="java.home" value="C:\Progra~1\Java\jdk1.8.0_101\jre"/>
    <property name="basedir" value="C:\workspace\31601\workspace\bio\BioLemmatizer-REST"/>
    <property name="file.separator" value="\"/>
    <property name="line.separator" value="&#10;"/>
    <property name="java.vm.specification.vendor" value="Oracle Corporation"/>
    <property name="java.specification.name" value="Java Platform API Specification"/>
    <property name="java.awt.graphicsenv" value="sun.awt.Win32GraphicsEnvironment"/>
    <property name="surefire.real.class.path" value="C:\Users\chandank\AppData\Local\Temp\surefire4873546882495193423\surefirebooter121149652116173207.jar"/>
    <property name="sun.boot.class.path" value="C:\Progra~1\Java\jdk1.8.0_101\jre\lib\resources.jar;C:\Progra~1\Java\jdk1.8.0_101\jre\lib\rt.jar;C:\Progra~1\Java\jdk1.8.0_101\jre\lib\sunrsasign.jar;C:\Progra~1\Java\jdk1.8.0_101\jre\lib\jsse.jar;C:\Progra~1\Java\jdk1.8.0_101\jre\lib\jce.jar;C:\Progra~1\Java\jdk1.8.0_101\jre\lib\charsets.jar;C:\Progra~1\Java\jdk1.8.0_101\jre\lib\jfr.jar;C:\Progra~1\Java\jdk1.8.0_101\jre\classes"/>
    <property name="user.script" value=""/>
    <property name="sun.management.compiler" value="HotSpot 64-Bit Tiered Compilers"/>
    <property name="java.runtime.version" value="1.8.0_101-b13"/>
    <property name="user.name" value="ChandanK"/>
    <property name="path.separator" value=";"/>
    <property name="os.version" value="6.1"/>
    <property name="java.endorsed.dirs" value="C:\Progra~1\Java\jdk1.8.0_101\jre\lib\endorsed"/>
    <property name="java.runtime.name" value="Java(TM) SE Runtime Environment"/>
    <property name="file.encoding" value="Cp1252"/>
    <property name="java.vm.name" value="Java HotSpot(TM) 64-Bit Server VM"/>
    <property name="localRepository" value="C:\Users\chandank\.m2\repository"/>
    <property name="java.vendor.url.bug" value="http://bugreport.sun.com/bugreport/"/>
    <property name="java.io.tmpdir" value="C:\Users\chandank\AppData\Local\Temp\"/>
    <property name="java.version" value="1.8.0_101"/>
    <property name="user.dir" value="C:\workspace\31601\workspace\bio\BioLemmatizer-REST"/>
    <property name="os.arch" value="amd64"/>
    <property name="java.vm.specification.name" value="Java Virtual Machine Specification"/>
    <property name="java.awt.printerjob" value="sun.awt.windows.WPrinterJob"/>
    <property name="sun.os.patch.level" value="Service Pack 1"/>
    <property name="java.library.path" value="C:\Progra~1\Java\jdk1.8.0_101\jre\bin;C:\Windows\Sun\Java\bin;C:\Windows\system32;C:\Windows;C:\Program Files (x86)\Common Files\Oracle\Java\javapath;C:\Users\chandank\AppData\Local\Programs\Python\Python36\Scripts\;C:\Users\chandank\AppData\Local\Programs\Python\Python36\;C:\Users\chandank\AppData\Local\Programs\Python\Python36\Lib;C:\Users\chandank\AppData\Local\Programs\Python\Python36\DLLs;C:\Users\chandank\AppData\Local\Programs\Python\Python36\Lib\site-packages\tensorflow;C:\Progra~1\Haskell\bin;C:\Progra~1\Haskell Platform\8.0.1\lib\extralibs\bin;C:\Progra~1\Haskell Platform\8.0.1\bin;C:\Progra~1\Java\jdk1.8.0_101\bin;C:\Program Files (x86)\Intel\iCLS Client\;C:\Program Files\Intel\iCLS Client\;C:\Windows\system32;C:\Windows;C:\Windows\System32\Wbem;C:\Windows\System32\WindowsPowerShell\v1.0\;C:\Program Files\Intel\WiFi\bin\;C:\Program Files\Common Files\Intel\WirelessCommon\;C:\Program Files\Intel\Intel(R) Management Engine Components\DAL;C:\Program Files\Intel\Intel(R) Management Engine Components\IPT;C:\Program Files (x86)\Intel\Intel(R) Management Engine Components\DAL;C:\Program Files (x86)\Intel\Intel(R) Management Engine Components\IPT;C:\Program Files (x86)\Common Files\lenovo\easyplussdk\bin;C:\Program Files (x86)\Common Files\Lenovo;C:\SWTOOLS\ReadyApps;C:\Program Files\Haskell Platform\8.0.1\mingw\bin;C:\workspace\mcube\software\hadoop-2.7.4\lib\native\libhadoop.so.1.0.0;C:\Program Files\nodejs\;C:\workspace\mcube\software\activator-1.3.12-minimal\bin;C:\Progra~2\scala-2.11.8\bin;C:\Progra~1\R\R-3.3.3\bin;C:\workspace\mcube\software\sbt-0.13.13\bin;C:\workspace\31601\software\spark-2.2.0-bin-hadoop2.7\bin;C:\cygwin64\bin;C:\Program Files\Git\cmd;C:\Progra~1\OpenSSH-Win64;C:\Progra~1\curl\curl-7.49.1-win64-mingw\bin;C:\workspace\31601\software\apache-maven-3.3.9\bin;C:\workspace\31601\software\gradle-2.13\bin;C:\go\bin;C:\Program Files\Calibre2\;C:\Program Files\TortoiseSVN\bin;C:\workspace\mcube\software\activator-1.3.12-minimal\bin;C:\workspace\mcube\software\hadoop-2.7.4/bin;C:\workspace\mcube\software\hadoop-2.7.4\sbin;C:\Program Files\Microsoft VS Code\bin;C:\zookeeper-3.4.13\bin;."/>
    <property name="java.vm.info" value="mixed mode"/>
    <property name="java.vendor" value="Oracle Corporation"/>
    <property name="java.vm.version" value="25.101-b13"/>
    <property name="java.ext.dirs" value="C:\Progra~1\Java\jdk1.8.0_101\jre\lib\ext;C:\Windows\Sun\Java\lib\ext"/>
    <property name="sun.io.unicode.encoding" value="UnicodeLittle"/>
    <property name="java.class.version" value="52.0"/>
  </properties>
  <testcase name="contextLoads" classname="com.chandan.spring.SpringBootRestApplicationTests" time="0.12"/>
</testsuite>